<?xml version="1.0" encoding="UTF-8"?>
<!-- Generated by org.testng.reporters.JUnitReportReporter -->
<testsuite skipped="0" hostname="HMECD000543" name="getRequest.Rough" tests="1" failures="0" timestamp="16 Jan 2019 08:50:30 GMT" time="2.588" errors="0">
  <testcase name="RegistrationSuccessful" time="2.588" classname="getRequest.Rough"/>
</testsuite> <!-- getRequest.Rough -->
