<?xml version="1.0" encoding="UTF-8"?>
<!-- Generated by org.testng.reporters.JUnitReportReporter -->
<testsuite skipped="0" hostname="HMECD000543" name="getRequest.Getdata" tests="1" failures="0" timestamp="18 Jan 2019 04:44:28 GMT" time="2.573" errors="0">
  <testcase name="GetWeatherDetails" time="2.573" classname="getRequest.Getdata"/>
</testsuite> <!-- getRequest.Getdata -->
