<?xml version="1.0" encoding="UTF-8"?>
<!-- Generated by org.testng.reporters.JUnitReportReporter -->
<testsuite skipped="0" hostname="HMECD000543" name="getRequest.JsonPathEvaluate" tests="1" failures="0" timestamp="18 Jan 2019 04:44:41 GMT" time="3.394" errors="0">
  <testcase name="DisplayAllNodesInWeatherAPI" time="3.394" classname="getRequest.JsonPathEvaluate"/>
</testsuite> <!-- getRequest.JsonPathEvaluate -->
