<?xml version="1.0" encoding="UTF-8"?>
<!-- Generated by org.testng.reporters.JUnitReportReporter -->
<testsuite skipped="0" hostname="HMECD000543" name="getRequest.ValidatingHeaders" tests="1" failures="0" timestamp="16 Jan 2019 11:15:20 GMT" time="3.200" errors="0">
  <testcase name="DisplayResponseHeaders" time="3.200" classname="getRequest.ValidatingHeaders"/>
</testsuite> <!-- getRequest.ValidatingHeaders -->
